Inspection path planner version 0.0.0
Scenario:
Number of facets:	100
Number of obstacles:	0
Space center:		(625, 1082.5, 200)
Space size:		(1250, 2165, 0.001)
Starting point:		(200, 200, 200)
Final point:		(200, 200, 200)
Angle of incidence:	0.523599rad
Range:			(100, 5000)m
Number of iterations:	20
Linear speed:		0.25m/s
Yaw rate:		0.5rad/s
Field of view [h,v]:	[2.0944, 2.0944]rad
Camera pitch:		0.436332rad


====================================
====== Starting Iteration   0 ======
====================================

====================================
====== Starting Iteration   1 ======
====================================

====================================
====== Starting Iteration   2 ======
====================================

====================================
====== Starting Iteration   3 ======
====================================

====================================
====== Starting Iteration   4 ======
====================================

====================================
====== Starting Iteration   5 ======
====================================

====================================
====== Starting Iteration   6 ======
====================================

====================================
====== Starting Iteration   7 ======
====================================

====================================
====== Starting Iteration   8 ======
====================================

====================================
====== Starting Iteration   9 ======
====================================

====================================
====== Starting Iteration  10 ======
====================================

====================================
====== Starting Iteration  11 ======
====================================

====================================
====== Starting Iteration  12 ======
====================================

====================================
====== Starting Iteration  13 ======
====================================

====================================
====== Starting Iteration  14 ======
====================================

====================================
====== Starting Iteration  15 ======
====================================

====================================
====== Starting Iteration  16 ======
====================================

====================================
====== Starting Iteration  17 ======
====================================

====================================
====== Starting Iteration  18 ======
====================================

====================================
====== Starting Iteration  19 ======
====================================
